<?xml version="1.0" encoding="UTF-8"?>
<!-- Generated by org.testng.reporters.JUnitReportReporter -->
<testsuite hostname="USER-PC" name="com.phptravel.qa.testcases.LoginPageTest" tests="2" failures="0" timestamp="28 Feb 2020 12:19:46 GMT" time="39.887" errors="0">
  <testcase name="validatePageTitleTest" time="24.436" classname="com.phptravel.qa.testcases.LoginPageTest"/>
  <testcase name="validateLogin" time="15.451" classname="com.phptravel.qa.testcases.LoginPageTest"/>
</testsuite> <!-- com.phptravel.qa.testcases.LoginPageTest -->
